2022-04-06 00:41:22,084 - vedio_downloads.py:43 - INFO - start run!
2022-04-06 00:41:26,046 - vedio_downloads.py:24 - INFO - URL:  http://www.iqiyi.com/v_105jzk25f38.html
2022-04-06 00:41:26,048 - vedio_downloads.py:25 - INFO - Name:  
 Site:      爱奇艺 iqiyi.com
 Title:     2021交通事故合集（0506期）
 Type:      video
 Stream:   
     [5]  -------------------
     Quality:         1920x1080
     Size:            150.85 MiB (158175975 Bytes)
     # download with: lux -f 5 ...


2022-04-06 00:41:26,049 - vedio_downloads.py:59 - INFO - 完成第1个
2022-04-06 00:41:29,017 - vedio_downloads.py:24 - INFO - URL:  http://www.iqiyi.com/v_13zv6vx492s.html
2022-04-06 00:41:29,027 - vedio_downloads.py:25 - INFO - Name:  
 Site:      爱奇艺 iqiyi.com
 Title:     2021交通事故合集（0511期）
 Type:      video
 Stream:   
     [5]  -------------------
     Quality:         1920x1080
     Size:            161.10 MiB (168927100 Bytes)
     # download with: lux -f 5 ...


2022-04-06 00:41:29,027 - vedio_downloads.py:59 - INFO - 完成第2个
2022-04-06 00:41:32,493 - vedio_downloads.py:24 - INFO - URL:  http://www.iqiyi.com/v_14006zhf2uo.html
2022-04-06 00:41:32,493 - vedio_downloads.py:25 - INFO - Name:  
 Site:      爱奇艺 iqiyi.com
 Title:     2021交通事故合集（0512期）
 Type:      video
 Stream:   
     [5]  -------------------
     Quality:         1920x1080
     Size:            97.27 MiB (101992981 Bytes)
     # download with: lux -f 5 ...


2022-04-06 00:41:32,493 - vedio_downloads.py:59 - INFO - 完成第3个
2022-04-06 00:41:35,800 - vedio_downloads.py:24 - INFO - URL:  http://www.iqiyi.com/v_17b2rc6qcw0.html
2022-04-06 00:41:35,801 - vedio_downloads.py:25 - INFO - Name:  
 Site:      爱奇艺 iqiyi.com
 Title:     2021交通事故合集（0424期）
 Type:      video
 Stream:   
     [5]  -------------------
     Quality:         1920x1080
     Size:            154.84 MiB (162362617 Bytes)
     # download with: lux -f 5 ...


2022-04-06 00:41:35,802 - vedio_downloads.py:59 - INFO - 完成第4个
2022-04-06 00:41:38,677 - vedio_downloads.py:24 - INFO - URL:  http://www.iqiyi.com/v_17l6d2qrdv0.html
2022-04-06 00:41:38,677 - vedio_downloads.py:25 - INFO - Name:  
 Site:      爱奇艺 iqiyi.com
 Title:     2021交通事故合集（0518期）
 Type:      video
 Stream:   
     [5]  -------------------
     Quality:         1920x1080
     Size:            114.08 MiB (119616400 Bytes)
     # download with: lux -f 5 ...


2022-04-06 00:41:38,677 - vedio_downloads.py:59 - INFO - 完成第5个
2022-04-06 00:42:48,994 - vedio_downloads.py:24 - INFO - URL:  http://www.iqiyi.com/v_1c7atnuhsr4.html
2022-04-06 00:42:48,995 - vedio_downloads.py:25 - INFO - Name:  
 Site:      爱奇艺 iqiyi.com
 Title:     2021交通事故合集（0404期）
 Type:      video
 Stream:   
     [5]  -------------------
     Quality:         1920x1080
     Size:            219.67 MiB (230342040 Bytes)
     # download with: lux -f 5 ...

Merging video parts into 2021交通事故合集（0404期）.mp4

2022-04-06 00:42:48,995 - vedio_downloads.py:59 - INFO - 完成第6个
2022-04-06 00:43:50,474 - vedio_downloads.py:24 - INFO - URL:  http://www.iqiyi.com/v_1qc2dhhf17c.html
2022-04-06 00:43:50,475 - vedio_downloads.py:25 - INFO - Name:  
 Site:      爱奇艺 iqiyi.com
 Title:     2021交通事故合集（0423期）
 Type:      video
 Stream:   
     [5]  -------------------
     Quality:         1920x1080
     Size:            131.24 MiB (137614161 Bytes)
     # download with: lux -f 5 ...


2022-04-06 00:43:50,475 - vedio_downloads.py:59 - INFO - 完成第7个
2022-04-06 00:45:18,237 - vedio_downloads.py:24 - INFO - URL:  http://www.iqiyi.com/v_1u0x3rzzbjs.html
2022-04-06 00:45:18,237 - vedio_downloads.py:25 - INFO - Name:  
 Site:      爱奇艺 iqiyi.com
 Title:     2021交通事故合集（0430期）
 Type:      video
 Stream:   
     [5]  -------------------
     Quality:         1920x1080
     Size:            165.05 MiB (173071854 Bytes)
     # download with: lux -f 5 ...


2022-04-06 00:45:18,238 - vedio_downloads.py:59 - INFO - 完成第8个
2022-04-06 00:45:21,304 - vedio_downloads.py:24 - INFO - URL:  http://www.iqiyi.com/v_2bufryvc36k.html
2022-04-06 00:45:21,304 - vedio_downloads.py:25 - INFO - Name:  
 Site:      爱奇艺 iqiyi.com
 Title:     2021交通事故合集（0403期）
 Type:      video
 Stream:   
     [5]  -------------------
     Quality:         1920x1080
     Size:            157.97 MiB (165643513 Bytes)
     # download with: lux -f 5 ...


2022-04-06 00:45:21,305 - vedio_downloads.py:59 - INFO - 完成第9个
2022-04-06 00:46:26,844 - vedio_downloads.py:24 - INFO - URL:  http://www.iqiyi.com/v_2docnt7jyw8.html
2022-04-06 00:46:26,844 - vedio_downloads.py:25 - INFO - Name:  
 Site:      爱奇艺 iqiyi.com
 Title:     2021交通事故合集（0420期）
 Type:      video
 Stream:   
     [5]  -------------------
     Quality:         1920x1080
     Size:            152.71 MiB (160128513 Bytes)
     # download with: lux -f 5 ...


2022-04-06 00:46:26,844 - vedio_downloads.py:59 - INFO - 完成第10个
2022-04-06 00:47:13,860 - vedio_downloads.py:24 - INFO - URL:  http://www.iqiyi.com/v_2fb1s6tz13k.html
2022-04-06 00:47:13,860 - vedio_downloads.py:25 - INFO - Name:  
 Site:      爱奇艺 iqiyi.com
 Title:     2021交通事故合集（0513期）
 Type:      video
 Stream:   
     [5]  -------------------
     Quality:         1920x1080
     Size:            98.29 MiB (103065992 Bytes)
     # download with: lux -f 5 ...


2022-04-06 00:47:13,860 - vedio_downloads.py:59 - INFO - 完成第11个
2022-04-06 00:47:17,040 - vedio_downloads.py:24 - INFO - URL:  http://www.iqiyi.com/v_fnv2jl6aqc.html
2022-04-06 00:47:17,040 - vedio_downloads.py:25 - INFO - Name:  
 Site:      爱奇艺 iqiyi.com
 Title:     2021交通事故合集（0401期）
 Type:      video
 Stream:   
     [5]  -------------------
     Quality:         1920x1080
     Size:            116.39 MiB (122044806 Bytes)
     # download with: lux -f 5 ...


2022-04-06 00:47:17,040 - vedio_downloads.py:59 - INFO - 完成第12个
2022-04-06 00:47:19,981 - vedio_downloads.py:24 - INFO - URL:  http://www.iqiyi.com/v_lmhkxrqwlk.html
2022-04-06 00:47:19,981 - vedio_downloads.py:25 - INFO - Name:  
 Site:      爱奇艺 iqiyi.com
 Title:     2021交通事故合集（0402期）
 Type:      video
 Stream:   
     [5]  -------------------
     Quality:         1920x1080
     Size:            158.45 MiB (166143159 Bytes)
     # download with: lux -f 5 ...


2022-04-06 00:47:19,981 - vedio_downloads.py:59 - INFO - 完成第13个
2022-04-06 00:48:31,211 - vedio_downloads.py:24 - INFO - URL:  http://www.iqiyi.com/v_uscurycmg8.html
2022-04-06 00:48:31,211 - vedio_downloads.py:25 - INFO - Name:  
 Site:      爱奇艺 iqiyi.com
 Title:     2021交通事故合集（0421期）
 Type:      video
 Stream:   
     [5]  -------------------
     Quality:         1920x1080
     Size:            166.73 MiB (174830211 Bytes)
     # download with: lux -f 5 ...


2022-04-06 00:48:31,211 - vedio_downloads.py:59 - INFO - 完成第14个
2022-04-06 00:48:34,435 - vedio_downloads.py:24 - INFO - URL:  https://www.iqiyi.com/v_105jzk25f38.html
2022-04-06 00:48:34,435 - vedio_downloads.py:25 - INFO - Name:  
 Site:      爱奇艺 iqiyi.com
 Title:     2021交通事故合集（0506期）
 Type:      video
 Stream:   
     [5]  -------------------
     Quality:         1920x1080
     Size:            150.85 MiB (158175975 Bytes)
     # download with: lux -f 5 ...


2022-04-06 00:48:34,435 - vedio_downloads.py:59 - INFO - 完成第15个
2022-04-06 00:49:39,827 - vedio_downloads.py:24 - INFO - URL:  https://www.iqiyi.com/v_109ugarkbks.html
2022-04-06 00:49:39,827 - vedio_downloads.py:25 - INFO - Name:  
 Site:      爱奇艺 iqiyi.com
 Title:     2021交通事故合集（0510期）
 Type:      video
 Stream:   
     [5]  -------------------
     Quality:         1920x1080
     Size:            120.91 MiB (126787856 Bytes)
     # download with: lux -f 5 ...


2022-04-06 00:49:39,828 - vedio_downloads.py:59 - INFO - 完成第16个
2022-04-06 00:50:34,828 - vedio_downloads.py:24 - INFO - URL:  https://www.iqiyi.com/v_174uz7e1yl0.html
2022-04-06 00:50:34,828 - vedio_downloads.py:25 - INFO - Name:  
 Site:      爱奇艺 iqiyi.com
 Title:     车怎么翻了？我真的不知道（2021交通事故合集0530期）
 Type:      video
 Stream:   
     [5]  -------------------
     Quality:         1920x1080
     Size:            129.18 MiB (135452990 Bytes)
     # download with: lux -f 5 ...


2022-04-06 00:50:34,828 - vedio_downloads.py:59 - INFO - 完成第17个
2022-04-06 00:50:37,802 - vedio_downloads.py:24 - INFO - URL:  https://www.iqiyi.com/v_17b2rc6qcw0.html
2022-04-06 00:50:37,802 - vedio_downloads.py:25 - INFO - Name:  
 Site:      爱奇艺 iqiyi.com
 Title:     2021交通事故合集（0424期）
 Type:      video
 Stream:   
     [5]  -------------------
     Quality:         1920x1080
     Size:            154.84 MiB (162362617 Bytes)
     # download with: lux -f 5 ...


2022-04-06 00:50:37,802 - vedio_downloads.py:59 - INFO - 完成第18个
2022-04-06 00:51:50,329 - vedio_downloads.py:24 - INFO - URL:  https://www.iqiyi.com/v_17k557yo4hc.html
2022-04-06 00:51:50,329 - vedio_downloads.py:25 - INFO - Name:  
 Site:      爱奇艺 iqiyi.com
 Title:     2021交通事故合集（0521期）
 Type:      video
 Stream:   
     [5]  -------------------
     Quality:         1920x1080
     Size:            161.82 MiB (169685111 Bytes)
     # download with: lux -f 5 ...


2022-04-06 00:51:50,329 - vedio_downloads.py:59 - INFO - 完成第19个
2022-04-06 00:51:53,630 - vedio_downloads.py:24 - INFO - URL:  https://www.iqiyi.com/v_17l6d2qrdv0.html
2022-04-06 00:51:53,630 - vedio_downloads.py:25 - INFO - Name:  
 Site:      爱奇艺 iqiyi.com
 Title:     2021交通事故合集（0518期）
 Type:      video
 Stream:   
     [5]  -------------------
     Quality:         1920x1080
     Size:            114.08 MiB (119616400 Bytes)
     # download with: lux -f 5 ...


2022-04-06 00:51:53,630 - vedio_downloads.py:59 - INFO - 完成第20个
2022-04-06 00:53:03,315 - vedio_downloads.py:24 - INFO - URL:  https://www.iqiyi.com/v_19qcoi3tjz0.html
2022-04-06 00:53:03,315 - vedio_downloads.py:25 - INFO - Name:  
 Site:      爱奇艺 iqiyi.com
 Title:     2021交通事故合集（0412期）
 Type:      video
 Stream:   
     [5]  -------------------
     Quality:         1920x1080
     Size:            162.32 MiB (170208769 Bytes)
     # download with: lux -f 5 ...


2022-04-06 00:53:03,315 - vedio_downloads.py:59 - INFO - 完成第21个
2022-04-06 00:54:11,935 - vedio_downloads.py:24 - INFO - URL:  https://www.iqiyi.com/v_1d74ab1jfsk.html
2022-04-06 00:54:11,935 - vedio_downloads.py:25 - INFO - Name:  
 Site:      爱奇艺 iqiyi.com
 Title:     2021交通事故合集（0504期）
 Type:      video
 Stream:   
     [5]  -------------------
     Quality:         1920x1080
     Size:            148.26 MiB (155460378 Bytes)
     # download with: lux -f 5 ...


2022-04-06 00:54:11,935 - vedio_downloads.py:59 - INFO - 完成第22个
2022-04-06 00:55:04,947 - vedio_downloads.py:24 - INFO - URL:  https://www.iqiyi.com/v_1deqcff9qko.html
2022-04-06 00:55:04,947 - vedio_downloads.py:25 - INFO - Name:  
 Site:      爱奇艺 iqiyi.com
 Title:     2021交通事故合集（0527期）
 Type:      video
 Stream:   
     [5]  -------------------
     Quality:         1920x1080
     Size:            107.74 MiB (112970092 Bytes)
     # download with: lux -f 5 ...


2022-04-06 00:55:04,948 - vedio_downloads.py:59 - INFO - 完成第23个
2022-04-06 00:55:53,841 - vedio_downloads.py:24 - INFO - URL:  https://www.iqiyi.com/v_1dz6udux11w.html
2022-04-06 00:55:53,841 - vedio_downloads.py:25 - INFO - Name:  
 Site:      爱奇艺 iqiyi.com
 Title:     2021交通事故合集（0411期）
 Type:      video
 Stream:   
     [5]  -------------------
     Quality:         1920x1080
     Size:            106.88 MiB (112074266 Bytes)
     # download with: lux -f 5 ...


2022-04-06 00:55:53,841 - vedio_downloads.py:59 - INFO - 完成第24个
2022-04-06 00:56:43,371 - vedio_downloads.py:24 - INFO - URL:  https://www.iqiyi.com/v_1i727m0zp2g.html
2022-04-06 00:56:43,371 - vedio_downloads.py:25 - INFO - Name:  
 Site:      爱奇艺 iqiyi.com
 Title:     2021交通事故合集（0410期）
 Type:      video
 Stream:   
     [5]  -------------------
     Quality:         1920x1080
     Size:            103.36 MiB (108383988 Bytes)
     # download with: lux -f 5 ...


2022-04-06 00:56:43,371 - vedio_downloads.py:59 - INFO - 完成第25个
2022-04-06 00:57:26,010 - vedio_downloads.py:24 - INFO - URL:  https://www.iqiyi.com/v_1jvbmagcje4.html
2022-04-06 00:57:26,010 - vedio_downloads.py:25 - INFO - Name:  
 Site:      爱奇艺 iqiyi.com
 Title:     2021交通事故合集（0529期）
 Type:      video
 Stream:   
     [5]  -------------------
     Quality:         1920x1080
     Size:            101.92 MiB (106866530 Bytes)
     # download with: lux -f 5 ...


2022-04-06 00:57:26,010 - vedio_downloads.py:59 - INFO - 完成第26个
2022-04-06 00:58:35,265 - vedio_downloads.py:24 - INFO - URL:  https://www.iqiyi.com/v_1kzf2cy2qq4.html
2022-04-06 00:58:35,265 - vedio_downloads.py:25 - INFO - Name:  
 Site:      爱奇艺 iqiyi.com
 Title:     2021交通事故合集（0517期）
 Type:      video
 Stream:   
     [5]  -------------------
     Quality:         1920x1080
     Size:            154.96 MiB (162487726 Bytes)
     # download with: lux -f 5 ...


2022-04-06 00:58:35,266 - vedio_downloads.py:59 - INFO - 完成第27个
2022-04-06 01:00:10,871 - vedio_downloads.py:24 - INFO - URL:  https://www.iqiyi.com/v_1ni7svvsz98.html
2022-04-06 01:00:10,871 - vedio_downloads.py:25 - INFO - Name:  
 Site:      爱奇艺 iqiyi.com
 Title:     2021交通事故合集（0531期）
 Type:      video
 Stream:   
     [5]  -------------------
     Quality:         1920x1080
     Size:            171.05 MiB (179356269 Bytes)
     # download with: lux -f 5 ...


2022-04-06 01:00:10,871 - vedio_downloads.py:59 - INFO - 完成第28个
2022-04-06 01:01:11,633 - vedio_downloads.py:24 - INFO - URL:  https://www.iqiyi.com/v_1p6eeku8olw.html
2022-04-06 01:01:11,633 - vedio_downloads.py:25 - INFO - Name:  
 Site:      爱奇艺 iqiyi.com
 Title:     2021交通事故合集（0426期）
 Type:      video
 Stream:   
     [5]  -------------------
     Quality:         1920x1080
     Size:            174.67 MiB (183153973 Bytes)
     # download with: lux -f 5 ...


2022-04-06 01:01:11,633 - vedio_downloads.py:59 - INFO - 完成第29个
2022-04-06 01:02:16,282 - vedio_downloads.py:24 - INFO - URL:  https://www.iqiyi.com/v_1qc2dhhf4rc.html
2022-04-06 01:02:16,282 - vedio_downloads.py:25 - INFO - Name:  
 Site:      爱奇艺 iqiyi.com
 Title:     2021交通事故合集（0417期）
 Type:      video
 Stream:   
     [5]  -------------------
     Quality:         1920x1080
     Size:            205.42 MiB (215401126 Bytes)
     # download with: lux -f 5 ...

Merging video parts into 2021交通事故合集（0417期）.mp4

2022-04-06 01:02:16,283 - vedio_downloads.py:59 - INFO - 完成第30个
2022-04-06 01:03:12,118 - vedio_downloads.py:24 - INFO - URL:  https://www.iqiyi.com/v_1rshytn0qmw.html
2022-04-06 01:03:12,118 - vedio_downloads.py:25 - INFO - Name:  
 Site:      爱奇艺 iqiyi.com
 Title:     2021交通事故合集（0415期）
 Type:      video
 Stream:   
     [5]  -------------------
     Quality:         1920x1080
     Size:            126.86 MiB (133020899 Bytes)
     # download with: lux -f 5 ...


2022-04-06 01:03:12,118 - vedio_downloads.py:59 - INFO - 完成第31个
2022-04-06 01:04:33,808 - vedio_downloads.py:24 - INFO - URL:  https://www.iqiyi.com/v_1s40j847frg.html
2022-04-06 01:04:33,808 - vedio_downloads.py:25 - INFO - Name:  
 Site:      爱奇艺 iqiyi.com
 Title:     2021交通事故合集（0419期）
 Type:      video
 Stream:   
     [5]  -------------------
     Quality:         1920x1080
     Size:            173.55 MiB (181985478 Bytes)
     # download with: lux -f 5 ...


2022-04-06 01:04:33,808 - vedio_downloads.py:59 - INFO - 完成第32个
2022-04-06 01:05:47,810 - vedio_downloads.py:24 - INFO - URL:  https://www.iqiyi.com/v_1smrdalxvck.html
2022-04-06 01:05:47,811 - vedio_downloads.py:25 - INFO - Name:  
 Site:      爱奇艺 iqiyi.com
 Title:     2021交通事故合集（0427期）
 Type:      video
 Stream:   
     [5]  -------------------
     Quality:         1920x1080
     Size:            155.02 MiB (162547349 Bytes)
     # download with: lux -f 5 ...


2022-04-06 01:05:47,811 - vedio_downloads.py:59 - INFO - 完成第33个
2022-04-06 01:06:56,803 - vedio_downloads.py:24 - INFO - URL:  https://www.iqiyi.com/v_1tiq2wkvjj8.html
2022-04-06 01:06:56,803 - vedio_downloads.py:25 - INFO - Name:  
 Site:      爱奇艺 iqiyi.com
 Title:     2021交通事故合集（0428期）
 Type:      video
 Stream:   
     [5]  -------------------
     Quality:         1920x1080
     Size:            161.82 MiB (169681273 Bytes)
     # download with: lux -f 5 ...


2022-04-06 01:06:56,803 - vedio_downloads.py:59 - INFO - 完成第34个
2022-04-06 01:06:59,782 - vedio_downloads.py:24 - INFO - URL:  https://www.iqiyi.com/v_1u0x3rzzbjs.html
2022-04-06 01:06:59,782 - vedio_downloads.py:25 - INFO - Name:  
 Site:      爱奇艺 iqiyi.com
 Title:     2021交通事故合集（0430期）
 Type:      video
 Stream:   
     [5]  -------------------
     Quality:         1920x1080
     Size:            165.05 MiB (173071854 Bytes)
     # download with: lux -f 5 ...


2022-04-06 01:06:59,782 - vedio_downloads.py:59 - INFO - 完成第35个
2022-04-06 01:07:50,933 - vedio_downloads.py:24 - INFO - URL:  https://www.iqiyi.com/v_1y4efpjcbog.html
2022-04-06 01:07:50,933 - vedio_downloads.py:25 - INFO - Name:  
 Site:      爱奇艺 iqiyi.com
 Title:     2021交通事故合集（0409期）
 Type:      video
 Stream:   
     [5]  -------------------
     Quality:         1920x1080
     Size:            120.23 MiB (126068442 Bytes)
     # download with: lux -f 5 ...


2022-04-06 01:07:50,933 - vedio_downloads.py:59 - INFO - 完成第36个
2022-04-06 01:08:38,260 - vedio_downloads.py:24 - INFO - URL:  https://www.iqiyi.com/v_1ymadtms6ww.html
2022-04-06 01:08:38,261 - vedio_downloads.py:25 - INFO - Name:  
 Site:      爱奇艺 iqiyi.com
 Title:     2021交通事故合集（0528期）
 Type:      video
 Stream:   
     [5]  -------------------
     Quality:         1920x1080
     Size:            101.65 MiB (106586425 Bytes)
     # download with: lux -f 5 ...


2022-04-06 01:08:38,261 - vedio_downloads.py:59 - INFO - 完成第37个
2022-04-06 01:09:25,234 - vedio_downloads.py:24 - INFO - URL:  https://www.iqiyi.com/v_1yt8bhslu38.html
2022-04-06 01:09:25,234 - vedio_downloads.py:25 - INFO - Name:  
 Site:      爱奇艺 iqiyi.com
 Title:     2021交通事故合集（0407期）
 Type:      video
 Stream:   
     [5]  -------------------
     Quality:         1920x1080
     Size:            97.27 MiB (101991935 Bytes)
     # download with: lux -f 5 ...


2022-04-06 01:09:25,234 - vedio_downloads.py:59 - INFO - 完成第38个
2022-04-06 01:10:19,294 - vedio_downloads.py:24 - INFO - URL:  https://www.iqiyi.com/v_1zj8zpc1uug.html
2022-04-06 01:10:19,294 - vedio_downloads.py:25 - INFO - Name:  
 Site:      爱奇艺 iqiyi.com
 Title:     2021交通事故合集（0414期）
 Type:      video
 Stream:   
     [5]  -------------------
     Quality:         1920x1080
     Size:            182.47 MiB (191336234 Bytes)
     # download with: lux -f 5 ...

Merging video parts into 2021交通事故合集（0414期）.mp4

2022-04-06 01:10:19,294 - vedio_downloads.py:59 - INFO - 完成第39个
2022-04-06 01:11:45,679 - vedio_downloads.py:24 - INFO - URL:  https://www.iqiyi.com/v_22oj3vcj014.html
2022-04-06 01:11:45,680 - vedio_downloads.py:25 - INFO - Name:  
 Site:      爱奇艺 iqiyi.com
 Title:     2021交通事故合集（0406期）
 Type:      video
 Stream:   
     [5]  -------------------
     Quality:         1920x1080
     Size:            160.30 MiB (168085347 Bytes)
     # download with: lux -f 5 ...


2022-04-06 01:11:45,680 - vedio_downloads.py:59 - INFO - 完成第40个
2022-04-06 01:12:36,917 - vedio_downloads.py:24 - INFO - URL:  https://www.iqiyi.com/v_23ytugssa8c.html
2022-04-06 01:12:36,917 - vedio_downloads.py:25 - INFO - Name:  
 Site:      爱奇艺 iqiyi.com
 Title:     2021交通事故合集（0516期）
 Type:      video
 Stream:   
     [5]  -------------------
     Quality:         1920x1080
     Size:            107.92 MiB (113162639 Bytes)
     # download with: lux -f 5 ...


2022-04-06 01:12:36,917 - vedio_downloads.py:59 - INFO - 完成第41个
2022-04-06 01:13:32,550 - vedio_downloads.py:24 - INFO - URL:  https://www.iqiyi.com/v_26obq94b7l4.html
2022-04-06 01:13:32,550 - vedio_downloads.py:25 - INFO - Name:  
 Site:      爱奇艺 iqiyi.com
 Title:     2021交通事故合集（0519期）
 Type:      video
 Stream:   
     [5]  -------------------
     Quality:         1920x1080
     Size:            119.61 MiB (125423104 Bytes)
     # download with: lux -f 5 ...


2022-04-06 01:13:32,550 - vedio_downloads.py:59 - INFO - 完成第42个
2022-04-06 01:14:36,276 - vedio_downloads.py:24 - INFO - URL:  https://www.iqiyi.com/v_28ir6fn3f9w.html
2022-04-06 01:14:36,276 - vedio_downloads.py:25 - INFO - Name:  
 Site:      爱奇艺 iqiyi.com
 Title:     2021交通事故合集（0425期）
 Type:      video
 Stream:   
     [5]  -------------------
     Quality:         1920x1080
     Size:            157.05 MiB (164674714 Bytes)
     # download with: lux -f 5 ...


2022-04-06 01:14:36,277 - vedio_downloads.py:59 - INFO - 完成第43个
2022-04-06 01:14:39,541 - vedio_downloads.py:24 - INFO - URL:  https://www.iqiyi.com/v_2993z2f1klc.html
2022-04-06 01:14:39,541 - vedio_downloads.py:25 - INFO - Name:  
 Site:      爱奇艺 iqiyi.com
 Title:     2021交通事故合集（0509期）
 Type:      video
 Stream:   
     [5]  -------------------
     Quality:         1920x1080
     Size:            119.54 MiB (125349792 Bytes)
     # download with: lux -f 5 ...


2022-04-06 01:14:39,541 - vedio_downloads.py:59 - INFO - 完成第44个
2022-04-06 01:15:53,939 - vedio_downloads.py:24 - INFO - URL:  https://www.iqiyi.com/v_2b3kfhfd7fo.html
2022-04-06 01:15:53,939 - vedio_downloads.py:25 - INFO - Name:  
 Site:      爱奇艺 iqiyi.com
 Title:     2021交通事故合集（0502期）
 Type:      video
 Stream:   
     [5]  -------------------
     Quality:         1920x1080
     Size:            165.72 MiB (173765484 Bytes)
     # download with: lux -f 5 ...


2022-04-06 01:15:53,940 - vedio_downloads.py:59 - INFO - 完成第45个
2022-04-06 01:16:59,682 - vedio_downloads.py:24 - INFO - URL:  https://www.iqiyi.com/v_2b7dt657dgg.html
2022-04-06 01:16:59,682 - vedio_downloads.py:25 - INFO - Name:  
 Site:      爱奇艺 iqiyi.com
 Title:     2021交通事故合集（0422期）
 Type:      video
 Stream:   
     [5]  -------------------
     Quality:         1920x1080
     Size:            157.47 MiB (165122063 Bytes)
     # download with: lux -f 5 ...


2022-04-06 01:16:59,682 - vedio_downloads.py:59 - INFO - 完成第46个
2022-04-06 01:17:02,761 - vedio_downloads.py:24 - INFO - URL:  https://www.iqiyi.com/v_2bufryvc36k.html
2022-04-06 01:17:02,761 - vedio_downloads.py:25 - INFO - Name:  
 Site:      爱奇艺 iqiyi.com
 Title:     2021交通事故合集（0403期）
 Type:      video
 Stream:   
     [5]  -------------------
     Quality:         1920x1080
     Size:            157.97 MiB (165643513 Bytes)
     # download with: lux -f 5 ...


2022-04-06 01:17:02,761 - vedio_downloads.py:59 - INFO - 完成第47个
2022-04-06 01:18:17,081 - vedio_downloads.py:24 - INFO - URL:  https://www.iqiyi.com/v_2bvr40ahqls.html
2022-04-06 01:18:17,081 - vedio_downloads.py:25 - INFO - Name:  
 Site:      爱奇艺 iqiyi.com
 Title:     2021交通事故合集（0413期）
 Type:      video
 Stream:   
     [5]  -------------------
     Quality:         1920x1080
     Size:            170.20 MiB (178464546 Bytes)
     # download with: lux -f 5 ...


2022-04-06 01:18:17,082 - vedio_downloads.py:59 - INFO - 完成第48个
2022-04-06 01:18:19,979 - vedio_downloads.py:24 - INFO - URL:  https://www.iqiyi.com/v_2bx0gdxkbbo.html
2022-04-06 01:18:19,979 - vedio_downloads.py:25 - INFO - Name:  
 Site:      爱奇艺 iqiyi.com
 Title:     2021交通事故合集（0507期）
 Type:      video
 Stream:   
     [5]  -------------------
     Quality:         1920x1080
     Size:            160.89 MiB (168709073 Bytes)
     # download with: lux -f 5 ...


2022-04-06 01:18:19,979 - vedio_downloads.py:59 - INFO - 完成第49个
2022-04-06 01:18:32,479 - vedio_downloads.py:30 - INFO - Failed URL:  https://www.iqiyi.com/v_2bx0gdxkbbo.htmll
2022-04-06 01:18:32,479 - vedio_downloads.py:31 - INFO - Command 'lux https://www.iqiyi.com/v_2bx0gdxkbbo.htmll' returned non-zero exit status 1.
2022-04-06 01:18:32,480 - vedio_downloads.py:59 - INFO - 完成第50个
2022-04-06 01:19:17,152 - vedio_downloads.py:24 - INFO - URL:  https://www.iqiyi.com/v_2c66zp7rcp0.html
2022-04-06 01:19:17,153 - vedio_downloads.py:25 - INFO - Name:  
 Site:      爱奇艺 iqiyi.com
 Title:     2021交通事故合集（0520期）
 Type:      video
 Stream:   
     [5]  -------------------
     Quality:         1920x1080
     Size:            94.14 MiB (98711055 Bytes)
     # download with: lux -f 5 ...


2022-04-06 01:19:17,153 - vedio_downloads.py:59 - INFO - 完成第51个
2022-04-06 01:19:20,091 - vedio_downloads.py:24 - INFO - URL:  https://www.iqiyi.com/v_2docnt7jyw8.html
2022-04-06 01:19:20,091 - vedio_downloads.py:25 - INFO - Name:  
 Site:      爱奇艺 iqiyi.com
 Title:     2021交通事故合集（0420期）
 Type:      video
 Stream:   
     [5]  -------------------
     Quality:         1920x1080
     Size:            152.71 MiB (160128513 Bytes)
     # download with: lux -f 5 ...


2022-04-06 01:19:20,092 - vedio_downloads.py:59 - INFO - 完成第52个
2022-04-06 01:19:22,980 - vedio_downloads.py:24 - INFO - URL:  https://www.iqiyi.com/v_2fb1s6tz13k.html
2022-04-06 01:19:22,980 - vedio_downloads.py:25 - INFO - Name:  
 Site:      爱奇艺 iqiyi.com
 Title:     2021交通事故合集（0513期）
 Type:      video
 Stream:   
     [5]  -------------------
     Quality:         1920x1080
     Size:            98.29 MiB (103065992 Bytes)
     # download with: lux -f 5 ...


2022-04-06 01:19:22,981 - vedio_downloads.py:59 - INFO - 完成第53个
2022-04-06 01:20:24,310 - vedio_downloads.py:24 - INFO - URL:  https://www.iqiyi.com/v_bq95qmvkj0.html
2022-04-06 01:20:24,310 - vedio_downloads.py:25 - INFO - Name:  
 Site:      爱奇艺 iqiyi.com
 Title:     2021交通事故合集（0416期）
 Type:      video
 Stream:   
     [5]  -------------------
     Quality:         1920x1080
     Size:            187.97 MiB (197105351 Bytes)
     # download with: lux -f 5 ...

Merging video parts into 2021交通事故合集（0416期）.mp4

2022-04-06 01:20:24,310 - vedio_downloads.py:59 - INFO - 完成第54个
2022-04-06 01:21:51,715 - vedio_downloads.py:24 - INFO - URL:  https://www.iqiyi.com/v_csh1i54cfs.html
2022-04-06 01:21:51,715 - vedio_downloads.py:25 - INFO - Name:  
 Site:      爱奇艺 iqiyi.com
 Title:     2021交通事故合集（0508期）
 Type:      video
 Stream:   
     [5]  -------------------
     Quality:         1920x1080
     Size:            158.84 MiB (166556934 Bytes)
     # download with: lux -f 5 ...


2022-04-06 01:21:51,715 - vedio_downloads.py:59 - INFO - 完成第55个
2022-04-06 01:21:54,887 - vedio_downloads.py:24 - INFO - URL:  https://www.iqiyi.com/v_fnv2jl6aqc.html
2022-04-06 01:21:54,887 - vedio_downloads.py:25 - INFO - Name:  
 Site:      爱奇艺 iqiyi.com
 Title:     2021交通事故合集（0401期）
 Type:      video
 Stream:   
     [5]  -------------------
     Quality:         1920x1080
     Size:            116.39 MiB (122044806 Bytes)
     # download with: lux -f 5 ...


2022-04-06 01:21:54,887 - vedio_downloads.py:59 - INFO - 完成第56个
2022-04-06 01:22:55,923 - vedio_downloads.py:24 - INFO - URL:  https://www.iqiyi.com/v_g1ofle6l90.html
2022-04-06 01:22:55,923 - vedio_downloads.py:25 - INFO - Name:  
 Site:      爱奇艺 iqiyi.com
 Title:     2021交通事故合集（0418期）
 Type:      video
 Stream:   
     [5]  -------------------
     Quality:         1920x1080
     Size:            175.70 MiB (184237148 Bytes)
     # download with: lux -f 5 ...

Merging video parts into 2021交通事故合集（0418期）.mp4

2022-04-06 01:22:55,923 - vedio_downloads.py:59 - INFO - 完成第57个
2022-04-06 01:23:42,017 - vedio_downloads.py:24 - INFO - URL:  https://www.iqiyi.com/v_hbk4n4wja8.html
2022-04-06 01:23:42,017 - vedio_downloads.py:25 - INFO - Name:  
 Site:      爱奇艺 iqiyi.com
 Title:     2021交通事故合集（0408期）
 Type:      video
 Stream:   
     [5]  -------------------
     Quality:         1920x1080
     Size:            117.23 MiB (122923020 Bytes)
     # download with: lux -f 5 ...


2022-04-06 01:23:42,018 - vedio_downloads.py:59 - INFO - 完成第58个
2022-04-06 01:24:49,996 - vedio_downloads.py:24 - INFO - URL:  https://www.iqiyi.com/v_lb88qku9oc.html
2022-04-06 01:24:49,996 - vedio_downloads.py:25 - INFO - Name:  
 Site:      爱奇艺 iqiyi.com
 Title:     2021交通事故合集（0503期）
 Type:      video
 Stream:   
     [5]  -------------------
     Quality:         1920x1080
     Size:            152.07 MiB (159456468 Bytes)
     # download with: lux -f 5 ...


2022-04-06 01:24:49,996 - vedio_downloads.py:59 - INFO - 完成第59个
2022-04-06 01:24:52,887 - vedio_downloads.py:24 - INFO - URL:  https://www.iqiyi.com/v_lmhkxrqwlk.html
2022-04-06 01:24:52,887 - vedio_downloads.py:25 - INFO - Name:  
 Site:      爱奇艺 iqiyi.com
 Title:     2021交通事故合集（0402期）
 Type:      video
 Stream:   
     [5]  -------------------
     Quality:         1920x1080
     Size:            158.45 MiB (166143159 Bytes)
     # download with: lux -f 5 ...


2022-04-06 01:24:52,888 - vedio_downloads.py:59 - INFO - 完成第60个
2022-04-06 01:26:06,967 - vedio_downloads.py:24 - INFO - URL:  https://www.iqiyi.com/v_msxfx2099w.html
2022-04-06 01:26:06,967 - vedio_downloads.py:25 - INFO - Name:  
 Site:      爱奇艺 iqiyi.com
 Title:     2021交通事故合集（0405期）
 Type:      video
 Stream:   
     [5]  -------------------
     Quality:         1920x1080
     Size:            171.64 MiB (179980937 Bytes)
     # download with: lux -f 5 ...


2022-04-06 01:26:06,967 - vedio_downloads.py:59 - INFO - 完成第61个
2022-04-06 01:27:30,669 - vedio_downloads.py:24 - INFO - URL:  https://www.iqiyi.com/v_okv7zn6jfo.html
2022-04-06 01:27:30,670 - vedio_downloads.py:25 - INFO - Name:  
 Site:      爱奇艺 iqiyi.com
 Title:     2021交通事故合集（0501期）
 Type:      video
 Stream:   
     [5]  -------------------
     Quality:         1920x1080
     Size:            181.08 MiB (189876493 Bytes)
     # download with: lux -f 5 ...


2022-04-06 01:27:30,670 - vedio_downloads.py:59 - INFO - 完成第62个
2022-04-06 01:28:39,435 - vedio_downloads.py:24 - INFO - URL:  https://www.iqiyi.com/v_tg0bzav0ko.html
2022-04-06 01:28:39,435 - vedio_downloads.py:25 - INFO - Name:  
 Site:      爱奇艺 iqiyi.com
 Title:     2021交通事故合集（0429期）
 Type:      video
 Stream:   
     [5]  -------------------
     Quality:         1920x1080
     Size:            161.21 MiB (169041438 Bytes)
     # download with: lux -f 5 ...


2022-04-06 01:28:39,436 - vedio_downloads.py:59 - INFO - 完成第63个
2022-04-06 01:28:42,644 - vedio_downloads.py:24 - INFO - URL:  https://www.iqiyi.com/v_uscurycmg8.html
2022-04-06 01:28:42,644 - vedio_downloads.py:25 - INFO - Name:  
 Site:      爱奇艺 iqiyi.com
 Title:     2021交通事故合集（0421期）
 Type:      video
 Stream:   
     [5]  -------------------
     Quality:         1920x1080
     Size:            166.73 MiB (174830211 Bytes)
     # download with: lux -f 5 ...


2022-04-06 01:28:42,645 - vedio_downloads.py:59 - INFO - 完成第64个
2022-04-06 01:29:54,304 - vedio_downloads.py:24 - INFO - URL:  https://www.iqiyi.com/v_v9pgkqlzt8.html
2022-04-06 01:29:54,304 - vedio_downloads.py:25 - INFO - Name:  
 Site:      爱奇艺 iqiyi.com
 Title:     2021交通事故合集（0505期）
 Type:      video
 Stream:   
     [5]  -------------------
     Quality:         1920x1080
     Size:            162.17 MiB (170052624 Bytes)
     # download with: lux -f 5 ...


2022-04-06 01:29:54,304 - vedio_downloads.py:59 - INFO - 完成第65个
2022-04-06 01:30:06,534 - vedio_downloads.py:30 - INFO - Failed URL:  https://www.iqiyi.com/v_v9pgkqlzt8.htmll
2022-04-06 01:30:06,535 - vedio_downloads.py:31 - INFO - Command 'lux https://www.iqiyi.com/v_v9pgkqlzt8.htmll' returned non-zero exit status 1.
2022-04-06 01:30:06,535 - vedio_downloads.py:59 - INFO - 完成第66个
